<?xml version="1.0" encoding="UTF-8"?>
<!-- Generated by org.testng.reporters.JUnitReportReporter -->
<testsuite hostname="Sakthi" failures="0" tests="1" name="Execution.TestRunner" time="2.560" errors="0" timestamp="2024-05-22T13:04:29 IST" skipped="0">
  <testcase classname="Execution.TestRunner" name="url" time="2.560"/>
  <system-out/>
</testsuite> <!-- Execution.TestRunner -->
